  enemy.cpp
C:\Users\dhollemaert\source\repos\dark-dylan-93220\Food-estroyer\Food'estroyer\Food'estroyer\enemy.cpp(88,70): warning C4305: '=' : troncation de 'double' à 'float'
C:\Users\dhollemaert\source\repos\dark-dylan-93220\Food-estroyer\Food'estroyer\Food'estroyer\enemy.cpp(90,70): warning C4305: '=' : troncation de 'double' à 'float'
C:\Users\dhollemaert\source\repos\dark-dylan-93220\Food-estroyer\Food'estroyer\Food'estroyer\enemy.cpp(92,57): warning C4305: '=' : troncation de 'double' à 'float'
C:\Users\dhollemaert\source\repos\dark-dylan-93220\Food-estroyer\Food'estroyer\Food'estroyer\enemy.cpp(93,36): warning C4305: '=' : troncation de 'double' à 'float'
C:\Users\dhollemaert\source\repos\dark-dylan-93220\Food-estroyer\Food'estroyer\Food'estroyer\enemy.cpp(196,25): warning C4244: 'argument' : conversion de 'double' en 'float', perte possible de données
C:\Users\dhollemaert\source\repos\dark-dylan-93220\Food-estroyer\Food'estroyer\Food'estroyer\enemy.cpp(338,27): warning C4244: 'argument' : conversion de 'double' en 'float', perte possible de données
  game.cpp
C:\Users\dhollemaert\source\repos\dark-dylan-93220\Food-estroyer\Food'estroyer\Food'estroyer\game.cpp(1085,38): warning C4244: 'argument' : conversion de 'double' en 'float', perte possible de données
C:\Users\dhollemaert\source\repos\dark-dylan-93220\Food-estroyer\Food'estroyer\Food'estroyer\game.cpp(1088,105): warning C4244: 'argument' : conversion de 'double' en 'float', perte possible de données
C:\Users\dhollemaert\source\repos\dark-dylan-93220\Food-estroyer\Food'estroyer\Food'estroyer\game.cpp(1088,45): warning C4244: 'argument' : conversion de 'double' en 'float', perte possible de données
C:\Users\dhollemaert\source\repos\dark-dylan-93220\Food-estroyer\Food'estroyer\Food'estroyer\game.cpp(1090,107): warning C4244: 'argument' : conversion de 'double' en 'float', perte possible de données
C:\Users\dhollemaert\source\repos\dark-dylan-93220\Food-estroyer\Food'estroyer\Food'estroyer\game.cpp(1090,46): warning C4244: 'argument' : conversion de 'double' en 'float', perte possible de données
C:\Users\dhollemaert\source\repos\dark-dylan-93220\Food-estroyer\Food'estroyer\Food'estroyer\game.cpp(1663,64): warning C4244: 'argument' : conversion de 'const int' en 'float', perte possible de données
C:\Users\dhollemaert\source\repos\dark-dylan-93220\Food-estroyer\Food'estroyer\Food'estroyer\game.cpp(1667,64): warning C4244: 'argument' : conversion de 'const int' en 'float', perte possible de données
C:\Users\dhollemaert\source\repos\dark-dylan-93220\Food-estroyer\Food'estroyer\Food'estroyer\game.cpp(1668,64): warning C4244: 'argument' : conversion de 'const int' en 'float', perte possible de données
C:\Users\dhollemaert\source\repos\dark-dylan-93220\Food-estroyer\Food'estroyer\Food'estroyer\game.cpp(2427,29): warning C4244: 'argument' : conversion de 'double' en 'float', perte possible de données
C:\Users\dhollemaert\source\repos\dark-dylan-93220\Food-estroyer\Food'estroyer\Food'estroyer\game.cpp(2466,40): warning C4244: 'argument' : conversion de 'double' en 'float', perte possible de données
C:\Users\dhollemaert\source\repos\dark-dylan-93220\Food-estroyer\Food'estroyer\Food'estroyer\game.cpp(3103,30): warning C4244: '*=' : conversion de 'float' en 'int', perte possible de données
C:\Users\dhollemaert\source\repos\dark-dylan-93220\Food-estroyer\Food'estroyer\Food'estroyer\game.cpp(3111,32): warning C4244: '*=' : conversion de 'float' en 'int', perte possible de données
C:\Users\dhollemaert\source\repos\dark-dylan-93220\Food-estroyer\Food'estroyer\Food'estroyer\game.cpp(3119,32): warning C4244: '*=' : conversion de 'float' en 'int', perte possible de données
C:\Users\dhollemaert\source\repos\dark-dylan-93220\Food-estroyer\Food'estroyer\Food'estroyer\game.cpp(3535,67): warning C4244: 'argument' : conversion de 'double' en 'float', perte possible de données
  main.cpp
C:\Users\dhollemaert\source\repos\dark-dylan-93220\Food-estroyer\Food'estroyer\Food'estroyer\main.cpp(5,12): warning C4244: 'argument' : conversion de 'time_t' en 'unsigned int', perte possible de données
  player.cpp
  Analyse du code en cours pour C/C++...
  Génération de code en cours
  Previous IPDB not found, fall back to full compilation.
  All 1708 functions were compiled because no usable IPDB/IOBJ from previous compilation was found.
  Fin de la génération du code
  Food'estroyer.vcxproj -> C:\Users\dhollemaert\source\repos\dark-dylan-93220\Food-estroyer\Food'estroyer\x64\Release\Food'estroyer.exe
