c:\users\pc\source\repos\dark-dylan-93220\food-estroyer\food'estroyer\food'estroyer\x64\release\vc143.pdb
c:\users\pc\source\repos\dark-dylan-93220\food-estroyer\food'estroyer\food'estroyer\x64\release\player.obj
c:\users\pc\source\repos\dark-dylan-93220\food-estroyer\food'estroyer\food'estroyer\x64\release\game.obj
c:\users\pc\source\repos\dark-dylan-93220\food-estroyer\food'estroyer\food'estroyer\x64\release\enemy.obj
c:\users\pc\source\repos\dark-dylan-93220\food-estroyer\food'estroyer\food'estroyer\x64\release\main.obj
c:\users\pc\source\repos\dark-dylan-93220\food-estroyer\food'estroyer\x64\release\food'estroyer.exe
c:\users\pc\source\repos\dark-dylan-93220\food-estroyer\food'estroyer\x64\release\food'estroyer.pdb
c:\users\pc\source\repos\dark-dylan-93220\food-estroyer\food'estroyer\food'estroyer\x64\release\food'estroyer.ipdb
c:\users\pc\source\repos\dark-dylan-93220\food-estroyer\food'estroyer\food'estroyer\x64\release\food'estroyer.iobj
c:\users\pc\source\repos\dark-dylan-93220\food-estroyer\food'estroyer\food'estroyer\x64\release\enemy.nativecodeanalysis.xml
c:\users\pc\source\repos\dark-dylan-93220\food-estroyer\food'estroyer\food'estroyer\x64\release\game.nativecodeanalysis.xml
c:\users\pc\source\repos\dark-dylan-93220\food-estroyer\food'estroyer\food'estroyer\x64\release\main.nativecodeanalysis.xml
c:\users\pc\source\repos\dark-dylan-93220\food-estroyer\food'estroyer\food'estroyer\x64\release\player.nativecodeanalysis.xml
c:\users\pc\source\repos\dark-dylan-93220\food-estroyer\food'estroyer\food'estroyer\x64\release\vc.nativecodeanalysis.all.xml
c:\users\pc\source\repos\dark-dylan-93220\food-estroyer\food'estroyer\food'estroyer\x64\release\food'estroyer.tlog\cl.command.1.tlog
c:\users\pc\source\repos\dark-dylan-93220\food-estroyer\food'estroyer\food'estroyer\x64\release\food'estroyer.tlog\cl.items.tlog
c:\users\pc\source\repos\dark-dylan-93220\food-estroyer\food'estroyer\food'estroyer\x64\release\food'estroyer.tlog\cl.read.1.tlog
c:\users\pc\source\repos\dark-dylan-93220\food-estroyer\food'estroyer\food'estroyer\x64\release\food'estroyer.tlog\cl.write.1.tlog
c:\users\pc\source\repos\dark-dylan-93220\food-estroyer\food'estroyer\food'estroyer\x64\release\food'estroyer.tlog\link.command.1.tlog
c:\users\pc\source\repos\dark-dylan-93220\food-estroyer\food'estroyer\food'estroyer\x64\release\food'estroyer.tlog\link.read.1.tlog
c:\users\pc\source\repos\dark-dylan-93220\food-estroyer\food'estroyer\food'estroyer\x64\release\food'estroyer.tlog\link.secondary.1.tlog
c:\users\pc\source\repos\dark-dylan-93220\food-estroyer\food'estroyer\food'estroyer\x64\release\food'estroyer.tlog\link.write.1.tlog
