  enemy.cpp
C:\Users\Julien Rodrigues\source\repos\dark-dylan-93220\Food-estroyer\Food'estroyer\Food'estroyer\player.h(43,18): warning C4305: 'initialisation' : troncation de 'double' à 'float'
  (compiler le fichier source 'enemy.cpp')
  
C:\Users\Julien Rodrigues\source\repos\dark-dylan-93220\Food-estroyer\Food'estroyer\Food'estroyer\player.h(45,24): warning C4305: 'initialisation' : troncation de 'double' à 'float'
  (compiler le fichier source 'enemy.cpp')
  
  game.cpp
C:\Users\Julien Rodrigues\source\repos\dark-dylan-93220\Food-estroyer\Food'estroyer\Food'estroyer\player.h(43,18): warning C4305: 'initialisation' : troncation de 'double' à 'float'
  (compiler le fichier source 'game.cpp')
  
C:\Users\Julien Rodrigues\source\repos\dark-dylan-93220\Food-estroyer\Food'estroyer\Food'estroyer\player.h(45,24): warning C4305: 'initialisation' : troncation de 'double' à 'float'
  (compiler le fichier source 'game.cpp')
  
  player.cpp
C:\Users\Julien Rodrigues\source\repos\dark-dylan-93220\Food-estroyer\Food'estroyer\Food'estroyer\player.h(43,18): warning C4305: 'initialisation' : troncation de 'double' à 'float'
  (compiler le fichier source 'player.cpp')
  
C:\Users\Julien Rodrigues\source\repos\dark-dylan-93220\Food-estroyer\Food'estroyer\Food'estroyer\player.h(45,24): warning C4305: 'initialisation' : troncation de 'double' à 'float'
  (compiler le fichier source 'player.cpp')
  
C:\Users\Julien Rodrigues\source\repos\dark-dylan-93220\Food-estroyer\Food'estroyer\Food'estroyer\player.cpp(55,36): warning C4244: 'argument' : conversion de 'double' en 'float', perte possible de données
C:\Users\Julien Rodrigues\source\repos\dark-dylan-93220\Food-estroyer\Food'estroyer\Food'estroyer\player.cpp(93,43): warning C4244: 'argument' : conversion de 'int' en 'float', perte possible de données
C:\Users\Julien Rodrigues\source\repos\dark-dylan-93220\Food-estroyer\Food'estroyer\Food'estroyer\player.cpp(94,71): warning C4244: 'argument' : conversion de 'double' en 'float', perte possible de données
C:\Users\Julien Rodrigues\source\repos\dark-dylan-93220\Food-estroyer\Food'estroyer\Food'estroyer\player.cpp(94,39): warning C4244: 'argument' : conversion de 'T' en 'float', perte possible de données
C:\Users\Julien Rodrigues\source\repos\dark-dylan-93220\Food-estroyer\Food'estroyer\Food'estroyer\player.cpp(94,39): warning C4244:         with
C:\Users\Julien Rodrigues\source\repos\dark-dylan-93220\Food-estroyer\Food'estroyer\Food'estroyer\player.cpp(94,39): warning C4244:         [
C:\Users\Julien Rodrigues\source\repos\dark-dylan-93220\Food-estroyer\Food'estroyer\Food'estroyer\player.cpp(94,39): warning C4244:             T=unsigned int
C:\Users\Julien Rodrigues\source\repos\dark-dylan-93220\Food-estroyer\Food'estroyer\Food'estroyer\player.cpp(94,39): warning C4244:         ]
  Génération de code en cours...
  Food'estroyer.vcxproj -> C:\Users\Julien Rodrigues\Source\Repos\dark-dylan-93220\Food-estroyer\Food'estroyer\x64\Debug\Food'estroyer.exe
